[    3227ms] Error: Missing Supabase environment variables
    at n (https://gene-tree-production.up.railway.app/_next/static/chunks/4829-c3a8fa849e080461.js:1:13542)
    at 71989 (https://gene-tree-production.up.railway.app/_next/static/chunks/4829-c3a8fa849e080461.js:1:13660)
    at r (https://gene-tree-production.up.railway.app/_next/static/chunks/webpack-8c8560e71aa07c47.js:1:127)
    at 85659 (https://gene-tree-production.up.railway.app/_next/static/chunks/app/%5Blocale%5D/layout-822f49e9066dede6.js:1:1610)
    at r (https://gene-tree-production.up.railway.app/_next/static/chunks/webpack-8c8560e71aa07c47.js:1:127)
[    3249ms] Error: Missing Supabase environment variables
    at n (https://gene-tree-production.up.railway.app/_next/static/chunks/4829-c3a8fa849e080461.js:1:13542)
    at 71989 (https://gene-tree-production.up.railway.app/_next/static/chunks/4829-c3a8fa849e080461.js:1:13660)
    at r (https://gene-tree-production.up.railway.app/_next/static/chunks/webpack-8c8560e71aa07c47.js:1:127)
    at 33366 (https://gene-tree-production.up.railway.app/_next/static/chunks/app/%5Blocale%5D/(auth)/sign-in/page-e893f89658be0c7a.js:1:5543)
    at r (https://gene-tree-production.up.railway.app/_next/static/chunks/webpack-8c8560e71aa07c47.js:1:127)
[    3309ms] [ERROR] Error: Missing Supabase environment variables
    at n (https://gene-tree-production.up.railway.app/_next/static/chunks/4829-c3a8fa849e080461.js:1:13542)
    at 71989 (https://gene-tree-production.up.railway.app/_next/static/chunks/4829-c3a8fa849e080461.js:1:13660)
    at r (https://gene-tree-production.up.railway.app/_next/static/chunks/webpack-8c8560e71aa07c47.js:1:127)
    at 85659 (https://gene-tree-production.up.railway.app/_next/static/chunks/app/%5Blocale%5D/layout-822f49e9066dede6.js:1:1610)
    at r (https://gene-tree-production.up.railway.app/_next/static/chunks/webpack-8c8560e71aa07c47.js:1:127)
    at s (https://gene-tree-production.up.railway.app/_next/static/chunks/1255-2515ec02460e7abe.js:1:150186)
    at L (https://gene-tree-production.up.railway.app/_next/static/chunks/1255-2515ec02460e7abe.js:1:153580)
    at P (https://gene-tree-production.up.railway.app/_next/static/chunks/1255-2515ec02460e7abe.js:1:150923)
    at lf (https://gene-tree-production.up.railway.app/_next/static/chunks/4bd1b696-182b6b13bdad92e3.js:1:40724)
    at oq (https://gene-tree-production.up.railway.app/_next/static/chunks/4bd1b696-182b6b13bdad92e3.js:1:80987) @ https://gene-tree-production.up.railway.app/_next/static/chunks/1255-2515ec02460e7abe.js:0
[    3312ms] [ERROR] Global error: Error: Missing Supabase environment variables
    at n (https://gene-tree-production.up.railway.app/_next/static/chunks/4829-c3a8fa849e080461.js:1:13542)
    at 71989 (https://gene-tree-production.up.railway.app/_next/static/chunks/4829-c3a8fa849e080461.js:1:13660)
    at r (https://gene-tree-production.up.railway.app/_next/static/chunks/webpack-8c8560e71aa07c47.js:1:127)
    at 85659 (https://gene-tree-production.up.railway.app/_next/static/chunks/app/%5Blocale%5D/layout-822f49e9066dede6.js:1:1610)
    at r (https://gene-tree-production.up.railway.app/_next/static/chunks/webpack-8c8560e71aa07c47.js:1:127)
    at s (https://gene-tree-production.up.railway.app/_next/static/chunks/1255-2515ec02460e7abe.js:1:150186)
    at L (https://gene-tree-production.up.railway.app/_next/static/chunks/1255-2515ec02460e7abe.js:1:153580)
    at P (https://gene-tree-production.up.railway.app/_next/static/chunks/1255-2515ec02460e7abe.js:1:150923)
    at lf (https://gene-tree-production.up.railway.app/_next/static/chunks/4bd1b696-182b6b13bdad92e3.js:1:40724)
    at oq (https://gene-tree-production.up.railway.app/_next/static/chunks/4bd1b696-182b6b13bdad92e3.js:1:80987) @ https://gene-tree-production.up.railway.app/_next/static/chunks/app/global-error-99c6873ed3121f64.js:0
[   28208ms] Error: Missing Supabase environment variables
    at a (https://gene-tree-production.up.railway.app/_next/static/chunks/app/%5Blocale%5D/layout-822f49e9066dede6.js:1:1302)
    at 71989 (https://gene-tree-production.up.railway.app/_next/static/chunks/app/%5Blocale%5D/layout-822f49e9066dede6.js:1:1420)
    at r (https://gene-tree-production.up.railway.app/_next/static/chunks/webpack-8c8560e71aa07c47.js:1:127)
    at 33366 (https://gene-tree-production.up.railway.app/_next/static/chunks/app/%5Blocale%5D/(auth)/sign-in/page-e893f89658be0c7a.js:1:5543)
    at r (https://gene-tree-production.up.railway.app/_next/static/chunks/webpack-8c8560e71aa07c47.js:1:127)
[   28209ms] Error: Missing Supabase environment variables
    at a (https://gene-tree-production.up.railway.app/_next/static/chunks/app/%5Blocale%5D/layout-822f49e9066dede6.js:1:1302)
    at 71989 (https://gene-tree-production.up.railway.app/_next/static/chunks/app/%5Blocale%5D/layout-822f49e9066dede6.js:1:1420)
    at r (https://gene-tree-production.up.railway.app/_next/static/chunks/webpack-8c8560e71aa07c47.js:1:127)
    at 85659 (https://gene-tree-production.up.railway.app/_next/static/chunks/app/%5Blocale%5D/layout-822f49e9066dede6.js:1:1610)
    at r (https://gene-tree-production.up.railway.app/_next/static/chunks/webpack-8c8560e71aa07c47.js:1:127)
[   28213ms] [ERROR] Error: Missing Supabase environment variables
    at a (https://gene-tree-production.up.railway.app/_next/static/chunks/app/%5Blocale%5D/layout-822f49e9066dede6.js:1:1302)
    at 71989 (https://gene-tree-production.up.railway.app/_next/static/chunks/app/%5Blocale%5D/layout-822f49e9066dede6.js:1:1420)
    at r (https://gene-tree-production.up.railway.app/_next/static/chunks/webpack-8c8560e71aa07c47.js:1:127)
    at 85659 (https://gene-tree-production.up.railway.app/_next/static/chunks/app/%5Blocale%5D/layout-822f49e9066dede6.js:1:1610)
    at r (https://gene-tree-production.up.railway.app/_next/static/chunks/webpack-8c8560e71aa07c47.js:1:127)
    at s (https://gene-tree-production.up.railway.app/_next/static/chunks/1255-2515ec02460e7abe.js:1:150186)
    at L (https://gene-tree-production.up.railway.app/_next/static/chunks/1255-2515ec02460e7abe.js:1:153580)
    at P (https://gene-tree-production.up.railway.app/_next/static/chunks/1255-2515ec02460e7abe.js:1:150923)
    at lf (https://gene-tree-production.up.railway.app/_next/static/chunks/4bd1b696-182b6b13bdad92e3.js:1:40724)
    at oq (https://gene-tree-production.up.railway.app/_next/static/chunks/4bd1b696-182b6b13bdad92e3.js:1:80987) @ https://gene-tree-production.up.railway.app/_next/static/chunks/1255-2515ec02460e7abe.js:0
[   28215ms] [ERROR] Global error: Error: Missing Supabase environment variables
    at a (https://gene-tree-production.up.railway.app/_next/static/chunks/app/%5Blocale%5D/layout-822f49e9066dede6.js:1:1302)
    at 71989 (https://gene-tree-production.up.railway.app/_next/static/chunks/app/%5Blocale%5D/layout-822f49e9066dede6.js:1:1420)
    at r (https://gene-tree-production.up.railway.app/_next/static/chunks/webpack-8c8560e71aa07c47.js:1:127)
    at 85659 (https://gene-tree-production.up.railway.app/_next/static/chunks/app/%5Blocale%5D/layout-822f49e9066dede6.js:1:1610)
    at r (https://gene-tree-production.up.railway.app/_next/static/chunks/webpack-8c8560e71aa07c47.js:1:127)
    at s (https://gene-tree-production.up.railway.app/_next/static/chunks/1255-2515ec02460e7abe.js:1:150186)
    at L (https://gene-tree-production.up.railway.app/_next/static/chunks/1255-2515ec02460e7abe.js:1:153580)
    at P (https://gene-tree-production.up.railway.app/_next/static/chunks/1255-2515ec02460e7abe.js:1:150923)
    at lf (https://gene-tree-production.up.railway.app/_next/static/chunks/4bd1b696-182b6b13bdad92e3.js:1:40724)
    at oq (https://gene-tree-production.up.railway.app/_next/static/chunks/4bd1b696-182b6b13bdad92e3.js:1:80987) @ https://gene-tree-production.up.railway.app/_next/static/chunks/app/global-error-99c6873ed3121f64.js:0
